REPOSITORY                                                                           TAG                  IMAGE ID            CREATED             SIZE
nginx                                                                                latest               ab56bba91343        12 days ago         126MB
k8s.gcr.io/kube-proxy                                                                v1.14.6              ed8adf767eeb        5 weeks ago         82.1MB
k8s.gcr.io/kube-apiserver                                                            v1.14.6              0e422c9884cf        5 weeks ago         209MB
k8s.gcr.io/kube-scheduler                                                            v1.14.6              d27987bc993e        5 weeks ago         81.6MB
k8s.gcr.io/kube-controller-manager                                                   v1.14.6              4bb274b1f2c3        5 weeks ago         157MB
nginx                                                                                <none>               5a3221f0137b        5 weeks ago         126MB
uuuuuuuuuuuu.mo.qqq.corp:5000/com.qqq.ddddddd.linuxx86_64/ddddddd-operator           0.1.18               143b72f2777d        2 months ago        55.6MB
qqq-ddddddd-offline/com.qqq.ddddddd.linuxx86_64/ddddddd-operator                     0.1.18               143b72f2777d        2 months ago        55.6MB
docker.aaa.qqq.corp:27373/com.qqq.ddddddd.linuxx86_64/ddddddd-operator               0.1.18               143b72f2777d        2 months ago        55.6MB
localhost:5000/com.qqq.ddddddd.linuxx86_64/ddddddd-operator                          0.1.18               143b72f2777d        2 months ago        55.6MB
uuuuuuuuuuuu.mo.qqq.corp:5000/com.qqq.ddddddd.linuxx86_64/ddddddd-operator           0.1.18               143b72f2777d        2 months ago        55.6MB
nginx                                                                                <none>               f68d6e55e065        2 months ago        109MB
uuuuuuuuuuuu.mo.qqq.corp:5000/com.qqq.ddddddd.linuxx86_64/vvvv-deployment-operator   2.7.27               ef484daf5db8        2 months ago        488MB
uuuuuuuuuuuu.mo.qqq.corp:5000/com.qqq.ddddddd.linuxx86_64/vvvv-deployment-operator   2.7.27               ef484daf5db8        2 months ago        488MB
qqq-ddddddd-offline/com.qqq.ddddddd.linuxx86_64/vvvv-deployment-operator             2.7.27               ef484daf5db8        2 months ago        488MB
docker.aaa.qqq.corp:27373/com.qqq.ddddddd.linuxx86_64/vvvv-deployment-operator       2.7.27               ef484daf5db8        2 months ago        488MB
qqq-ddddddd-offline/com.qqq.ddddddd.linuxx86_64/vvvv-dqp                             2.7.27               ada80602db5c        2 months ago        1.23GB
docker.aaa.qqq.corp:27373/com.qqq.ddddddd.linuxx86_64/vvvv-dqp                       2.7.27               ada80602db5c        2 months ago        1.23GB
uuuuuuuuuuuu.mo.qqq.corp:5000/com.qqq.ddddddd.linuxx86_64/vvvv-dqp                   2.7.27               ada80602db5c        2 months ago        1.23GB
uuuuuuuuuuuu.mo.qqq.corp:5000/com.qqq.ddddddd.linuxx86_64/vvvv-dqp                   2.7.27               ada80602db5c        2 months ago        1.23GB
backend                                                                              1                    b4e6ab22c5dd        3 months ago        98.2MB
deneme                                                                               1                    b4e6ab22c5dd        3 months ago        98.2MB
docker.aaa.qqq.corp:27373/com.qqq.ddddddd.linuxx86_64/node-exporter                  0.17.0-qqq-003       02de6648b756        3 months ago        473MB
alpine                                                                               latest               4d90542f0623        3 months ago        5.58MB
localhost:5000/test                                                                  1                    4d90542f0623        3 months ago        5.58MB
backend                                                                              1.1                  9bd25ae0cc9b        3 months ago        183MB
qqq-ddddddd-offline/com.qqq.ddddddd.linuxx86_64/opensuse-leap                        15.0-qqq19           5d91492dac57        3 months ago        434MB
docker.aaa.qqq.corp:27373/com.qqq.ddddddd.linuxx86_64/opensuse-leap                  15.0-qqq19           5d91492dac57        3 months ago        434MB
uuuuuuuuuuuu.mo.qqq.corp:5000/com.qqq.ddddddd.linuxx86_64/opensuse-leap              15.0-qqq19           5d91492dac57        3 months ago        434MB
uuuuuuuuuuuu.mo.qqq.corp:5000/com.qqq.ddddddd.linuxx86_64/opensuse-leap              15.0-qqq19           5d91492dac57        3 months ago        434MB
us.gcr.io/delta-album-239720/frontend                                                1.0                  83272ea5a140        3 months ago        21MB
maven                                                                                3.6.1-jdk-8          23d9c051cfbe        3 months ago        499MB
registry.fedoraproject.org/fedora-minimal                                            latest               ab489731d918        3 months ago        142MB
k8s.gcr.io/kube-proxy                                                                v1.14.3              004666307c5b        3 months ago        82.1MB
k8s.gcr.io/kube-apiserver                                                            v1.14.3              9946f563237c        3 months ago        210MB
k8s.gcr.io/kube-controller-manager                                                   v1.14.3              ac2ce44462bc        3 months ago        158MB
k8s.gcr.io/kube-scheduler                                                            v1.14.3              953364a3ae7a        3 months ago        81.6MB
docker/kube-compose-controller                                                       v0.4.23              a8c3d87a58e7        3 months ago        35.3MB
docker/kube-compose-api-server                                                       v0.4.23              f3591b2cb223        3 months ago        49.9MB
node                                                                                 12-alpine            d4edda39fb81        3 months ago        77.8MB
fabric8/java-alpine-openjdk8-jre                                                     latest               623cf58ad9fd        4 months ago        74.7MB
quay.io/quarkus/centos-quarkus-native-image                                          graalvm-1.0.0-rc16   de6aff7bb296        4 months ago        1.27GB
quay.io/quarkus/centos-quarkus-maven                                                 graalvm-1.0.0-rc15   a90110c5297a        5 months ago        1.33GB
registry                                                                             2                    f32a97de94e1        6 months ago        25.8MB
docker.aaa.qqq.corp:27373/com.qqq.ddddddd.linuxx86_64/kube-state-metrics             1.4.0-qqq-02         2c1d76fffd3c        8 months ago        537MB
uuuuuuuuuuuu.mo.qqq.corp:5001/com.qqq.ddddddd.linuxx86_64/kube-state-metrics         1.4.0-qqq-02         2c1d76fffd3c        8 months ago        537MB
docker.aaa.qqq.corp:27373/com.qqq.ddddddd.linuxx86_64/nats                           0.11.2-qqq1          12873d5bace8        8 months ago        528MB
uuuuuuuuuuuu.mo.qqq.corp:5001/com.qqq.ddddddd.linuxx86_64/nats                       0.11.2-qqq1          12873d5bace8        8 months ago        528MB
docker.aaa.qqq.corp:27373/com.qqq.ddddddd.linuxx86_64/prometheus                     2.4.3-qqq1           8ff6bfc0c22d        8 months ago        596MB
k8s.gcr.io/coredns                                                                   1.3.1                eb516548c180        8 months ago        40.3MB
k8s.gcr.io/etcd                                                                      3.3.10               2c4adeb21b4f        9 months ago        258MB
k8s.gcr.io/kube-proxy-amd64                                                          v1.10.11             7387003276ac        10 months ago       98.3MB
k8s.gcr.io/kube-apiserver-amd64                                                      v1.10.11             e851a7aeb6e8        10 months ago       228MB
k8s.gcr.io/kube-controller-manager-amd64                                             v1.10.11             978cfa2028bf        10 months ago       151MB
k8s.gcr.io/kube-scheduler-amd64                                                      v1.10.11             d2c751d562c6        10 months ago       51.2MB
nginx                                                                                1.14.1-alpine        77bae8d00654        10 months ago       17.7MB
postgres                                                                             10.5                 3fce051f5a48        11 months ago       228MB
docker/kube-compose-controller                                                       v0.4.12              02a45592fbea        12 months ago       27.8MB
docker/kube-compose-api-server                                                       v0.4.12              0f92c77fa676        12 months ago       41.2MB
k8s.gcr.io/etcd-amd64                                                                3.1.12               52920ad46f5b        18 months ago       193MB
k8s.gcr.io/k8s-dns-dnsmasq-nanny-amd64                                               1.14.8               c2ce1ffb51ed        20 months ago       41MB
k8s.gcr.io/k8s-dns-sidecar-amd64                                                     1.14.8               6f7f2dc7fab5        20 months ago       42.2MB
k8s.gcr.io/k8s-dns-kube-dns-amd64                                                    1.14.8               80cc5ea4b547        20 months ago       50.5MB
k8s.gcr.io/pause-amd64                                                               3.1                  da86e6ba6ca1        21 months ago       742kB
k8s.gcr.io/pause                                                                     3.1                  da86e6ba6ca1        21 months ago       742kB
littlstar/docker-docsify                                                             latest               0739adbba21b        23 months ago       688MB
uuuuuuuuuuuu.mo.qqq.corp/consul                                                      0.9.0                726ba823d61e        2 years ago         45.7MB
uuuuuuuuuuuu.mo.qqq.corp:5000/consul                                                 0.9.0                726ba823d61e        2 years ago         45.7MB
qqq-ddddddd-offline/consul                                                           0.9.0                726ba823d61e        2 years ago         45.7MB
docker.aaa.qqq.corp:27373/consul                                                     0.9.0                726ba823d61e        2 years ago         45.7MB
localhost:5000/consul                                                                0.9.0                726ba823d61e        2 years ago         45.7MB
uuuuuuuuuuuu.mo.qqq.corp:5000/consul                                                 0.9.0                726ba823d61e        2 years ago         45.7MB
